<?xml version="1.0" encoding="UTF-8"?>
<testng-results ignored="0" total="2" passed="2" failed="0" skipped="0">
  <reporter-output>
    <line>
      <![CDATA[JayBhim]]>
    </line>
  </reporter-output>
  <suite started-at="2022-12-09T03:50:30 IST" name="Default suite" finished-at="2022-12-09T03:50:30 IST" duration-ms="71">
    <groups>
    </groups>
    <test started-at="2022-12-09T03:50:30 IST" name="Default test" finished-at="2022-12-09T03:50:30 IST" duration-ms="71">
      <class name="vTigerPracticeGihub.Practice">
        <test-method signature="printSomething()[pri:1, instance:vTigerPracticeGihub.Practice@359f7cdf]" started-at="2022-12-09T03:50:30 IST" name="printSomething" finished-at="2022-12-09T03:50:30 IST" duration-ms="15" status="PASS">
          <reporter-output>
            <line>
              <![CDATA[JayBhim]]>
            </line>
          </reporter-output>
        </test-method> <!-- printSomething -->
        <test-method signature="printSomeThingElse()[pri:2, instance:vTigerPracticeGihub.Practice@359f7cdf]" started-at="2022-12-09T03:50:30 IST" name="printSomeThingElse" finished-at="2022-12-09T03:50:30 IST" duration-ms="3" status="PASS">
          <reporter-output>
          </reporter-output>
        </test-method> <!-- printSomeThingElse -->
      </class> <!-- vTigerPracticeGihub.Practice -->
    </test> <!-- Default test -->
  </suite> <!-- Default suite -->
</testng-results>
