<?xml version="1.0" encoding="UTF-8"?>
<testng-results ignored="0" total="1" passed="1" failed="0" skipped="0">
  <reporter-output>
    <line>
      <![CDATA[JayBhim]]>
    </line>
  </reporter-output>
  <suite started-at="2022-12-09T02:58:30 IST" name="Default suite" finished-at="2022-12-09T02:58:31 IST" duration-ms="132">
    <groups>
    </groups>
    <test started-at="2022-12-09T02:58:30 IST" name="Default test" finished-at="2022-12-09T02:58:31 IST" duration-ms="132">
      <class name="vTigerPracticeGihub.Practice">
        <test-method signature="printSomething()[pri:0, instance:vTigerPracticeGihub.Practice@4f18837a]" started-at="2022-12-09T02:58:30 IST" name="printSomething" finished-at="2022-12-09T02:58:31 IST" duration-ms="30" status="PASS">
          <reporter-output>
            <line>
              <![CDATA[JayBhim]]>
            </line>
          </reporter-output>
        </test-method> <!-- printSomething -->
      </class> <!-- vTigerPracticeGihub.Practice -->
    </test> <!-- Default test -->
  </suite> <!-- Default suite -->
</testng-results>
